Determining if the pthread_create exist failed with the following output:
Change Dir: /home/najah/Documents/MASc/geomProc/interpolated-curvature/build/CMakeFiles/CMakeTmp

Run Build Command:"/usr/bin/make" "cmTC_83739/fast"
/usr/bin/make -f CMakeFiles/cmTC_83739.dir/build.make CMakeFiles/cmTC_83739.dir/build
make[1]: Entering directory '/home/najah/Documents/MASc/geomProc/interpolated-curvature/build/CMakeFiles/CMakeTmp'
Building C object CMakeFiles/cmTC_83739.dir/CheckSymbolExists.c.o
/usr/bin/cc    -fPIC    -o CMakeFiles/cmTC_83739.dir/CheckSymbolExists.c.o   -c /home/najah/Documents/MASc/geomProc/interpolated-curvature/build/CMakeFiles/CMakeTmp/CheckSymbolExists.c
Linking C executable cmTC_83739
/usr/bin/cmake -E cmake_link_script CMakeFiles/cmTC_83739.dir/link.txt --verbose=1
/usr/bin/cc   -fPIC     CMakeFiles/cmTC_83739.dir/CheckSymbolExists.c.o  -o cmTC_83739 -rdynamic 
CMakeFiles/cmTC_83739.dir/CheckSymbolExists.c.o: In function `main':
CheckSymbolExists.c:(.text+0x1b): undefined reference to `pthread_create'
collect2: error: ld returned 1 exit status
CMakeFiles/cmTC_83739.dir/build.make:97: recipe for target 'cmTC_83739' failed
make[1]: *** [cmTC_83739] Error 1
make[1]: Leaving directory '/home/najah/Documents/MASc/geomProc/interpolated-curvature/build/CMakeFiles/CMakeTmp'
Makefile:126: recipe for target 'cmTC_83739/fast' failed
make: *** [cmTC_83739/fast] Error 2

File /home/najah/Documents/MASc/geomProc/interpolated-curvature/build/CMakeFiles/CMakeTmp/CheckSymbolExists.c:
/* */
#include <pthread.h>

int main(int argc, char** argv)
{
  (void)argv;
#ifndef pthread_create
  return ((int*)(&pthread_create))[argc];
#else
  (void)argc;
  return 0;
#endif
}

Determining if the function pthread_create exists in the pthreads failed with the following output:
Change Dir: /home/najah/Documents/MASc/geomProc/interpolated-curvature/build/CMakeFiles/CMakeTmp

Run Build Command:"/usr/bin/make" "cmTC_ff3f0/fast"
/usr/bin/make -f CMakeFiles/cmTC_ff3f0.dir/build.make CMakeFiles/cmTC_ff3f0.dir/build
make[1]: Entering directory '/home/najah/Documents/MASc/geomProc/interpolated-curvature/build/CMakeFiles/CMakeTmp'
Building C object CMakeFiles/cmTC_ff3f0.dir/CheckFunctionExists.c.o
/usr/bin/cc    -fPIC -DCHECK_FUNCTION_EXISTS=pthread_create   -o CMakeFiles/cmTC_ff3f0.dir/CheckFunctionExists.c.o   -c /usr/share/cmake-3.5/Modules/CheckFunctionExists.c
Linking C executable cmTC_ff3f0
/usr/bin/cmake -E cmake_link_script CMakeFiles/cmTC_ff3f0.dir/link.txt --verbose=1
/usr/bin/cc   -fPIC -DCHECK_FUNCTION_EXISTS=pthread_create    CMakeFiles/cmTC_ff3f0.dir/CheckFunctionExists.c.o  -o cmTC_ff3f0 -rdynamic -lpthreads 
/usr/bin/ld: cannot find -lpthreads
collect2: error: ld returned 1 exit status
CMakeFiles/cmTC_ff3f0.dir/build.make:97: recipe for target 'cmTC_ff3f0' failed
make[1]: *** [cmTC_ff3f0] Error 1
make[1]: Leaving directory '/home/najah/Documents/MASc/geomProc/interpolated-curvature/build/CMakeFiles/CMakeTmp'
Makefile:126: recipe for target 'cmTC_ff3f0/fast' failed
make: *** [cmTC_ff3f0/fast] Error 2


Determining if the include file pthread.h exists failed with the following output:
Change Dir: C:/Users/Jeffrey/Documents/MASc/Year 1/CSC2520/Project/interpolated-curvature/build/CMakeFiles/CMakeTmp

Run Build Command(s):nmake /nologo cmTC_c8002\fast && 	"C:\Program Files (x86)\Microsoft Visual Studio\2019\Community\VC\Tools\MSVC\14.27.29110\bin\HostX86\x86\nmake.exe"  -f CMakeFiles\cmTC_c8002.dir\build.make /nologo -L                  CMakeFiles\cmTC_c8002.dir\build
Building C object CMakeFiles/cmTC_c8002.dir/CheckIncludeFile.c.obj
	C:\PROGRA~2\MICROS~4\2019\COMMUN~1\VC\Tools\MSVC\1427~1.291\bin\Hostx86\x86\cl.exe @C:\Users\Jeffrey\AppData\Local\Temp\nmE270.tmp
CheckIncludeFile.c
C:\Users\Jeffrey\Documents\MASc\Year 1\CSC2520\Project\interpolated-curvature\build\CMakeFiles\CMakeTmp\CheckIncludeFile.c(1): fatal error C1083: Cannot open include file: 'pthread.h': No such file or directory
NMAKE : fatal error U1077: 'C:\PROGRA~2\MICROS~4\2019\COMMUN~1\VC\Tools\MSVC\1427~1.291\bin\Hostx86\x86\cl.exe' : return code '0x2'
Stop.
NMAKE : fatal error U1077: '"C:\Program Files (x86)\Microsoft Visual Studio\2019\Community\VC\Tools\MSVC\14.27.29110\bin\HostX86\x86\nmake.exe"' : return code '0x2'
Stop.



